Microsoft (R) Macro Assembler Version 5.10                  10/27/21 11:44:3
                                                             Page     1-1


				;*****************************************
				;     MDA-Win8086 EXPERIMENT PROGRAM    *
				;     FILENAME  : LCD.ASM
				;     PROCESSOR : I8086
				;     LCD TEST
				;*****************************************
 0000				CODE	SEGMENT
					ASSUME	CS:CODE,DS:CODE,ES:CODE,SS:CODE
					;
					;
 = 0540				STACK	EQU	0540H
					;
 = 0000				LCDC	EQU	00H
 = 0002				LCDC_S	EQU	02H
 = 0004				LCDD	EQU	04H
					;	
 1000					ORG	1000H
					;
 1000  33 C0				XOR	AX,AX
 1002  8E D0				MOV	SS,AX
 1004  BC 0540				MOV	SP,STACK
					;
 1007  E8 104B R			CALL	ALLCLR
					;
 100A  BE 1027 R			MOV	SI,OFFSET CUSOR1
 100D  E8 1078 R			CALL	STRING
					;
 1010  E8 105F R			CALL	LN21
 1013  BE 1039 R			MOV	SI,OFFSET CUSOR2
 1016  E8 1078 R			CALL	STRING
					;
 1019  E8 1050 R		L1:	CALL	DISPOFF
 101C  E8 108A R			CALL	TIMER
 101F  E8 1055 R			CALL	DISPON
 1022  E8 108A R			CALL	TIMER
 1025  EB F2				JMP	L1
					;
 1027  53 65 72 69 61 6C	CUSOR1	DB	'Serial monitor !',00H,00H
       20 6D 6F 6E 69 74	
       6F 72 20 21 00 00	
 1039  4D 44 41 2D 57 69	CUSOR2  DB	'MDA-Win8086 Kit!',00H,00H
       6E 38 30 38 36 20	
       4B 69 74 21 00 00	
					;
					; LCD instruction
 104B  B4 01			ALLCLR:	MOV	AH,01H
 104D  EB 12 90				JMP	LNXX
					;
 1050				DISPOFF:
 1050  B4 08			        MOV	AH,08H
 1052  EB 0D 90				JMP	LNXX
					;
 1055  B4 0F			DISPON: MOV	AH,0FH
 1057  EB 08 90				JMP	LNXX
Microsoft (R) Macro Assembler Version 5.10                  10/27/21 11:44:3
                                                             Page     1-2


					;	
 105A  B4 02			LN11:	MOV	AH,02H
 105C  EB 03 90				JMP	LNXX
					;
 105F  B4 C0			LN21:	MOV	AH,0C0H
					;
 1061  E8 1069 R		LNXX:	CALL	BUSY
 1064  8A C4				MOV	AL,AH
 1066  E6 00				OUT	LCDC,AL
 1068  C3				RET
					; busy flag check
 1069  E4 02			BUSY:	IN	AL,LCDC_S
 106B  24 80				AND	AL,10000000B
 106D  75 FA				JNZ	BUSY
 106F  C3				RET
					;
					; 1 char. LCD OUT 
					; AH = out data
 1070				CHAROUT:
 1070  E8 1069 R			CALL	BUSY
					;
 1073  8A C4				MOV	AL,AH
 1075  E6 04				OUT	LCDD,AL
 1077  C3				RET
					;
 1078  2E: 8A 24		STRING:	MOV	AH,BYTE PTR CS:[SI]
 107B  80 FC 00				CMP	AH,00H
 107E  74 09				JE	STRING1
					; out
 1080  E8 1069 R			CALL	BUSY
 1083  E8 1070 R			CALL	CHAROUT
 1086  46				INC	SI
 1087  EB EF				JMP	STRING
 1089				STRING1:
 1089  C3			  	RET
					;		
 108A  B9 0002			TIMER:	MOV	CX,2
 108D  51			TIMER2:	PUSH	CX
 108E  B9 0000			       	MOV	CX,0
 1091  90			TIMER1:	NOP
 1092  90				NOP
 1093  90				NOP
 1094  90				NOP
 1095  E2 FA				LOOP	TIMER1
 1097  59				POP	CX
 1098  E2 F3				LOOP	TIMER2
 109A  C3				RET
					;
 109B				CODE	ENDS
					END
Microsoft (R) Macro Assembler Version 5.10                  10/27/21 11:44:3
                                                             Symbols-1


Segments and Groups:

                N a m e         	Length	 Align	Combine Class

CODE . . . . . . . . . . . . . .  	109B	PARA	NONE	

Symbols:            

                N a m e         	Type	 Value	 Attr

ALLCLR . . . . . . . . . . . . .  	L NEAR	104B	CODE

BUSY . . . . . . . . . . . . . .  	L NEAR	1069	CODE

CHAROUT  . . . . . . . . . . . .  	L NEAR	1070	CODE
CUSOR1 . . . . . . . . . . . . .  	L BYTE	1027	CODE
CUSOR2 . . . . . . . . . . . . .  	L BYTE	1039	CODE

DISPOFF  . . . . . . . . . . . .  	L NEAR	1050	CODE
DISPON . . . . . . . . . . . . .  	L NEAR	1055	CODE

L1 . . . . . . . . . . . . . . .  	L NEAR	1019	CODE
LCDC . . . . . . . . . . . . . .  	NUMBER	0000	
LCDC_S . . . . . . . . . . . . .  	NUMBER	0002	
LCDD . . . . . . . . . . . . . .  	NUMBER	0004	
LN11 . . . . . . . . . . . . . .  	L NEAR	105A	CODE
LN21 . . . . . . . . . . . . . .  	L NEAR	105F	CODE
LNXX . . . . . . . . . . . . . .  	L NEAR	1061	CODE

STACK  . . . . . . . . . . . . .  	NUMBER	0540	
STRING . . . . . . . . . . . . .  	L NEAR	1078	CODE
STRING1  . . . . . . . . . . . .  	L NEAR	1089	CODE

TIMER  . . . . . . . . . . . . .  	L NEAR	108A	CODE
TIMER1 . . . . . . . . . . . . .  	L NEAR	1091	CODE
TIMER2 . . . . . . . . . . . . .  	L NEAR	108D	CODE

@CPU . . . . . . . . . . . . . .  	TEXT  0101h		
@FILENAME  . . . . . . . . . . .  	TEXT  LCD		
@VERSION . . . . . . . . . . . .  	TEXT  510		


    100 Source  Lines
    100 Total   Lines
     26 Symbols

  47052 + 410336 Bytes symbol space free

      0 Warning Errors
      0 Severe  Errors
