Microsoft (R) Macro Assembler Version 5.10                  6/3/9
                                                             Page     1-1


				;*****************************************
				;     MDA-Win8086 EXPERIMENT PROGRAM    *
				;     FILENAME  : INT2.ASM
				;     PROCESSOR : I8086
				;*****************************************
 0000				CODE	SEGMENT
					ASSUME	CS:CODE,DS:CODE,ES:CODE,SS:CODE
					;
 1000					ORG	1000H
 1000  B8 1234				MOV	AX,1234H
 1003  BB 7234				MOV	BX,7234H
 1006  03 C3				ADD	AX,BX
 1008  CE				INTO
 1009  90				NOP
 100A  90				NOP
 100B  CC				INT	3
					;		
 100C				CODE	ENDS
					END
Microsoft (R) Macro Assembler Version 5.10                  6/3/9
                                                             Symbols-1


Segments and Groups:

                N a m e         	Length	 Align	Combine Class

CODE . . . . . . . . . . . . . .  	100C	PARA	NONE	

Symbols:            

                N a m e         	Type	 Value	 Attr

@CPU . . . . . . . . . . . . . .  	TEXT  0101h		
@FILENAME  . . . . . . . . . . .  	TEXT  INT2		
@VERSION . . . . . . . . . . . .  	TEXT  510		


     19 Source  Lines
     19 Total   Lines
      6 Symbols

  46944 + 388348 Bytes symbol space free

      0 Warning Errors
      0 Severe  Errors
